viewLib/build/intermediates/manifest_merge_blame_file/release/manifest-merger-blame-release-report.txt
1<?xml version="1.0" encoding="utf-8"?>
2<manifest xmlns:android="http://schemas.android.com/apk/res/android"
3    package="com.radaee.viewlib"
4    android:versionCode="1"
5    android:versionName="1.0" >
6
7    <uses-sdk
8        android:minSdkVersion="22"
8-->src\main\AndroidManifest.xml
9        android:targetSdkVersion="32" />
9-->src\main\AndroidManifest.xml
10
11    <uses-permission android:name="android.permission.READ_EXTERNAL_STORAGE" />
11-->src\main\AndroidManifest.xml:6:5-79
11-->src\main\AndroidManifest.xml:6:22-77
12    <uses-permission android:name="android.permission.CAMERA" />
12-->src\main\AndroidManifest.xml:7:5-65
12-->src\main\AndroidManifest.xml:7:22-62
13    <uses-permission android:name="android.permission.STORAGE" />
13-->src\main\AndroidManifest.xml:8:5-66
13-->src\main\AndroidManifest.xml:8:22-63
14    <uses-permission android:name="android.permission.WRITE_EXTERNAL_STORAGE" />
14-->src\main\AndroidManifest.xml:9:5-81
14-->src\main\AndroidManifest.xml:9:22-78
15
16    <application android:allowBackup="true" >
16-->src\main\AndroidManifest.xml:11:5-23:19
16-->src\main\AndroidManifest.xml:11:18-44
17        <activity
17-->src\main\AndroidManifest.xml:15:11-19:20
18            android:name="com.radaee.reader.VideoView"
18-->src\main\AndroidManifest.xml:16:13-55
19            android:configChanges="orientation|keyboardHidden|screenSize"
19-->src\main\AndroidManifest.xml:17:13-74
20            android:theme="@android:style/Theme.NoTitleBar" >
20-->src\main\AndroidManifest.xml:18:13-60
21        </activity>
22    </application>
23
24</manifest>